0 info it worked if it ends with ok
1 verbose cli [ '/usr/local/bin/node',
1 verbose cli   '/usr/local/bin/npm',
1 verbose cli   'run',
1 verbose cli   'parallel_local_plugin' ]
2 info using npm@3.10.8
3 info using node@v6.9.1
4 verbose run-script [ 'preparallel_local_plugin',
4 verbose run-script   'parallel_local_plugin',
4 verbose run-script   'postparallel_local_plugin' ]
5 info lifecycle protractor-browserstack@0.1.0~preparallel_local_plugin: protractor-browserstack@0.1.0
6 silly lifecycle protractor-browserstack@0.1.0~preparallel_local_plugin: no script for preparallel_local_plugin, continuing
7 info lifecycle protractor-browserstack@0.1.0~parallel_local_plugin: protractor-browserstack@0.1.0
8 verbose lifecycle protractor-browserstack@0.1.0~parallel_local_plugin: unsafe-perm in lifecycle true
9 verbose lifecycle protractor-browserstack@0.1.0~parallel_local_plugin: PATH: /usr/local/lib/node_modules/npm/bin/node-gyp-bin:/Users/mukulg/Documents/codeBrowserStack/browserstack_sample_tests/protractor-browserstack/node_modules/.bin:/bin/google-cloud-sdk/bin:/usr/local/bin:/usr/bin:/bin:/usr/sbin:/sbin:/bin/apache-maven-3.3.9/bin
10 verbose lifecycle protractor-browserstack@0.1.0~parallel_local_plugin: CWD: /Users/mukulg/Documents/codeBrowserStack/browserstack_sample_tests/protractor-browserstack
11 silly lifecycle protractor-browserstack@0.1.0~parallel_local_plugin: Args: [ '-c', 'protractor conf/parallel_local_plugin.conf.js' ]
12 silly lifecycle protractor-browserstack@0.1.0~parallel_local_plugin: Returned: code: 100  signal: null
13 info lifecycle protractor-browserstack@0.1.0~parallel_local_plugin: Failed to exec parallel_local_plugin script
14 verbose stack Error: protractor-browserstack@0.1.0 parallel_local_plugin: `protractor conf/parallel_local_plugin.conf.js`
14 verbose stack Exit status 100
14 verbose stack     at EventEmitter.<anonymous> (/usr/local/lib/node_modules/npm/lib/utils/lifecycle.js:255:16)
14 verbose stack     at emitTwo (events.js:106:13)
14 verbose stack     at EventEmitter.emit (events.js:191:7)
14 verbose stack     at ChildProcess.<anonymous> (/usr/local/lib/node_modules/npm/lib/utils/spawn.js:40:14)
14 verbose stack     at emitTwo (events.js:106:13)
14 verbose stack     at ChildProcess.emit (events.js:191:7)
14 verbose stack     at maybeClose (internal/child_process.js:877:16)
14 verbose stack     at Process.ChildProcess._handle.onexit (internal/child_process.js:226:5)
15 verbose pkgid protractor-browserstack@0.1.0
16 verbose cwd /Users/mukulg/Documents/codeBrowserStack/browserstack_sample_tests/protractor-browserstack
17 error Darwin 16.3.0
18 error argv "/usr/local/bin/node" "/usr/local/bin/npm" "run" "parallel_local_plugin"
19 error node v6.9.1
20 error npm  v3.10.8
21 error code ELIFECYCLE
22 error protractor-browserstack@0.1.0 parallel_local_plugin: `protractor conf/parallel_local_plugin.conf.js`
22 error Exit status 100
23 error Failed at the protractor-browserstack@0.1.0 parallel_local_plugin script 'protractor conf/parallel_local_plugin.conf.js'.
23 error Make sure you have the latest version of node.js and npm installed.
23 error If you do, this is most likely a problem with the protractor-browserstack package,
23 error not with npm itself.
23 error Tell the author that this fails on your system:
23 error     protractor conf/parallel_local_plugin.conf.js
23 error You can get information on how to open an issue for this project with:
23 error     npm bugs protractor-browserstack
23 error Or if that isn't available, you can get their info via:
23 error     npm owner ls protractor-browserstack
23 error There is likely additional logging output above.
24 verbose exit [ 1, true ]
